[Sat, 12 Jan 19 18:31:12 +0000][ERROR] Invalid category id
[Sat, 12 Jan 19 18:34:55 +0000][ERROR] Invalid category id
[Sat, 12 Jan 19 18:34:57 +0000][ERROR] Invalid category id
[Sat, 12 Jan 19 18:34:59 +0000][ERROR] Invalid category id
[Sat, 12 Jan 19 18:35:36 +0000][ERROR] Invalid category id
[Sat, 12 Jan 19 18:35:41 +0000][ERROR] Invalid category id
[Sat, 12 Jan 19 18:39:36 +0000][ERROR] Invalid category id
[Sat, 12 Jan 19 18:46:36 +0000][ERROR] Unknown modifier
[Sat, 12 Jan 19 18:50:02 +0000][ERROR] Invalid category id
[Sat, 12 Jan 19 18:50:24 +0000][ERROR] Invalid category id
[Sat, 12 Jan 19 18:50:30 +0000][ERROR] Unknown modifier
[Sat, 12 Jan 19 18:50:50 +0000][ERROR] Invalid category id\n
[Sat, 12 Jan 19 18:51:09 +0000][ERROR] Invalid category id\nInvalid vendor id
[Sun, 13 Jan 19 08:21:28 +0000][ERROR] Invalid category id\nInvalid vendor id
[Sun, 13 Jan 19 12:05:33 +0000][ERROR] Invalid category id\nInvalid vendor id
[Sun, 13 Jan 19 12:05:40 +0000][ERROR] Invalid vendor id
[Sun, 13 Jan 19 14:19:49 +0000][ERROR] There is no data to validate
[Sun, 13 Jan 19 14:21:37 +0000][ERROR] Product title should contain only letters
[Sun, 13 Jan 19 14:26:43 +0000][ERROR] Class 'Shop_products\repositories\ProductRepository' not found
[Sun, 13 Jan 19 14:27:14 +0000][ERROR] Class 'Shop_products\repositories\ProductRepository' not found
[Sun, 13 Jan 19 14:27:45 +0000][ERROR] Call to undefined method or service 'getProfiler'
[Sun, 13 Jan 19 14:28:26 +0000][ERROR] Argument 1 passed to Shop_products\Services\Cache\ProductCache::setInCache() must be of the type string, null given, called in /var/www/shop_products/app/common/services/ProductsService.php on line 74
[Sun, 13 Jan 19 14:29:39 +0000][ERROR] Argument 1 passed to Shop_products\Services\Cache\ProductCache::setInCache() must be of the type string, null given, called in /var/www/shop_products/app/common/services/ProductsService.php on line 74
[Sun, 13 Jan 19 14:36:10 +0000][ERROR] Argument 1 passed to Shop_products\Services\Cache\ProductCache::setInCache() must be of the type string, null given, called in /var/www/shop_products/app/common/services/ProductsService.php on line 74
[Sun, 13 Jan 19 14:37:43 +0000][ERROR] createdAt is required
[Sun, 13 Jan 19 15:05:35 +0000][ERROR] Call to a member function getMessages() on boolean
[Sun, 13 Jan 19 15:08:13 +0000][ERROR] createdAt is required
[Sun, 13 Jan 19 15:12:50 +0000][ERROR] createdAt is required
[Sun, 13 Jan 19 15:14:08 +0000][ERROR] createdAt is required
[Sun, 13 Jan 19 15:14:39 +0000][ERROR] createdAt is required
[Sun, 13 Jan 19 15:15:37 +0000][ERROR] createdAt is required
[Sun, 13 Jan 19 15:22:39 +0000][ERROR] SQLSTATE[HY093]: Invalid parameter number: number of bound variables does not match number of tokens
[Sun, 13 Jan 19 15:50:49 +0000][ERROR] SQLSTATE[HY093]: Invalid parameter number: number of bound variables does not match number of tokens
[Sun, 13 Jan 19 15:51:10 +0000][ERROR] SQLSTATE[HY093]: Invalid parameter number: number of bound variables does not match number of tokens
[Sun, 13 Jan 19 15:51:33 +0000][ERROR] productId is required\nproductCategoryId is required\nproductUserId is required\nproductVendorId is required\nproductTitle is required
[Sun, 13 Jan 19 15:51:49 +0000][ERROR] SQLSTATE[HY093]: Invalid parameter number: number of bound variables does not match number of tokens
[Sun, 13 Jan 19 15:52:17 +0000][ERROR] SQLSTATE[HY093]: Invalid parameter number: number of bound variables does not match number of tokens
[Sun, 13 Jan 19 15:55:00 +0000][ERROR] productTitle is required
[Sun, 13 Jan 19 15:55:43 +0000][ERROR] Argument 1 passed to Shop_products\Services\Cache\ProductCache::setInCache() must be of the type string, null given, called in /var/www/shop_products/app/common/services/ProductsService.php on line 72
[Sun, 13 Jan 19 15:56:21 +0000][ERROR] SQLSTATE[HY093]: Invalid parameter number: number of bound variables does not match number of tokens
[Sun, 13 Jan 19 15:57:30 +0000][ERROR] SQLSTATE[HY093]: Invalid parameter number: number of bound variables does not match number of tokens
[Sun, 13 Jan 19 15:57:56 +0000][ERROR] SQLSTATE[HY093]: Invalid parameter number: number of bound variables does not match number of tokens
[Sun, 13 Jan 19 16:05:27 +0000][ERROR] Invalid keywords
[Sun, 13 Jan 19 16:44:53 +0000][ERROR] Return value of Shop_products\Services\Cache\ProductCache::getByCategoryId() must be of the type array, none returned
[Sun, 13 Jan 19 16:45:29 +0000][ERROR] Return value of Shop_products\Services\Cache\ProductCache::getByCategoryId() must be of the type array or null, none returned
[Sun, 13 Jan 19 16:53:27 +0000][ERROR] Product type should be "physical" or "downloadable"\nInvalid keywords
[Sun, 13 Jan 19 17:29:06 +0000][ERROR] JsonMapper::map() requires first argument to be an object, NULL given.
[Sun, 13 Jan 19 17:30:32 +0000][ERROR] Call to undefined method Phalcon\Mvc\Model\Resultset\Simple::fetchOne()
[Sun, 13 Jan 19 17:36:58 +0000][ERROR] Argument 1 passed to Shop_products\Services\Cache\ProductCache::updateCache() must be of the type string, null given, called in /var/www/shop_products/app/common/services/ProductsService.php on line 79
[Sun, 13 Jan 19 17:37:38 +0000][ERROR] Argument 1 passed to Shop_products\Services\Cache\ProductCache::updateCache() must be of the type string, null given, called in /var/www/shop_products/app/common/services/ProductsService.php on line 87
[Sun, 13 Jan 19 17:38:28 +0000][ERROR] Nothing to be updated
[Sun, 13 Jan 19 17:39:17 +0000][ERROR] JSON property "type" does not exist in object of type Shop_products\RequestHandler\Product\UpdateRequestHandler
[Sun, 13 Jan 19 17:58:04 +0000][ERROR] Call to a member function delete() on boolean
[Sun, 13 Jan 19 17:58:25 +0000][ERROR] Unable to delete product
[Sun, 13 Jan 19 17:58:39 +0000][ERROR] Product not found or maybe deleted
[Sun, 13 Jan 19 18:00:52 +0000][ERROR] Product not found or maybe deleted
[Sun, 13 Jan 19 18:05:55 +0000][ERROR] Product not found or maybe deleted
[Sun, 13 Jan 19 18:06:17 +0000][ERROR] Nothing to be updated
[Fri, 18 Jan 19 11:08:00 +0000][ERROR] Invalid keywords
[Fri, 18 Jan 19 11:08:16 +0000][ERROR] Call to a member function update() on boolean
[Fri, 18 Jan 19 11:09:10 +0000][ERROR] Call to a member function update() on boolean
[Fri, 18 Jan 19 11:09:31 +0000][ERROR] Call to a member function toApiArray() on boolean
[Fri, 18 Jan 19 11:09:41 +0000][ERROR] Call to a member function getMessages() on boolean
[Fri, 18 Jan 19 11:09:43 +0000][ERROR] Call to a member function getMessages() on boolean
[Fri, 18 Jan 19 11:10:08 +0000][ERROR] Call to a member function update() on boolean
[Fri, 18 Jan 19 11:10:47 +0000][ERROR] Product not found or maybe deleted
[Fri, 18 Jan 19 11:11:01 +0000][ERROR] SQLSTATE[HY093]: Invalid parameter number: number of bound variables does not match number of tokens
[Fri, 18 Jan 19 11:11:26 +0000][ERROR] Invalid keywords
[Sat, 19 Jan 19 14:50:36 +0000][ERROR] Invalid Type
[Sat, 19 Jan 19 14:50:48 +0000][ERROR] Invalid Type
[Sat, 19 Jan 19 14:50:58 +0000][ERROR] Invalid Type
[Sat, 19 Jan 19 14:51:29 +0000][ERROR] Invalid Type
[Sat, 19 Jan 19 14:52:01 +0000][ERROR] Nothing to be updated
[Sat, 19 Jan 19 14:52:28 +0000][ERROR] Nothing to be updated
[Sat, 19 Jan 19 14:52:34 +0000][ERROR] Nothing to be updated
[Sat, 19 Jan 19 14:52:35 +0000][ERROR] Nothing to be updated
[Sat, 19 Jan 19 14:52:59 +0000][ERROR] Nothing to be updated
[Sat, 19 Jan 19 14:54:24 +0000][ERROR] Nothing to be updated
[Sat, 19 Jan 19 15:01:29 +0000][ERROR] Nothing to be updated
[Sat, 19 Jan 19 15:08:39 +0000][ERROR] SQLSTATE[HY093]: Invalid parameter number: number of bound variables does not match number of tokens
[Mon, 21 Jan 19 20:14:21 +0000][ERROR] SQLSTATE[42S22]: Column not found: 1054 Unknown column 'product_keywords' in 'NEW'
[Mon, 21 Jan 19 20:17:52 +0000][ERROR] Service 'collectionManager' wasn't found in the dependency injection container
[Fri, 25 Jan 19 09:10:15 +0000][ERROR] Class 'Shop_products\Enums\ProductTypesEnums' not found
[Fri, 25 Jan 19 09:11:10 +0000][ERROR] Product type should be "physical" or "downloadable"
[Fri, 25 Jan 19 09:11:36 +0000][ERROR] Product type should be physical or downloadable
[Fri, 25 Jan 19 09:16:11 +0000][ERROR] SQLSTATE[22032]: <<Unknown error>>: 3140 Invalid JSON text: "The document root must not be followed by other values." at position 3 in value for column 'product.product_dimensions'.
[Fri, 25 Jan 19 09:16:41 +0000][ERROR] SQLSTATE[22032]: <<Unknown error>>: 3140 Invalid JSON text: "The document root must not be followed by other values." at position 3 in value for column 'product.product_dimensions'.
[Fri, 25 Jan 19 09:52:24 +0000][ERROR] SQLSTATE[42S22]: Column not found: 1054 Unknown column 'product_dimensions' in 'NEW'
[Fri, 25 Jan 19 09:52:50 +0000][ERROR] Invalid segments
[Fri, 25 Jan 19 09:55:45 +0000][ERROR] Invalid Type
[Fri, 25 Jan 19 09:56:12 +0000][ERROR] Invalid Type
[Fri, 25 Jan 19 09:57:08 +0000][ERROR] Invalid Type
[Fri, 25 Jan 19 09:58:08 +0000][ERROR] Invalid Type
[Fri, 25 Jan 19 10:11:57 +0000][ERROR] Product title should contain only letters
[Fri, 25 Jan 19 10:12:06 +0000][ERROR] Invalid categoryId\nInvalid userId\nInvalid vendorId\nInvalid customPageId\nInvalid brandId
[Fri, 25 Jan 19 10:12:54 +0000][ERROR] Invalid categoryId\nInvalid userId\nInvalid vendorId\nInvalid customPageId\nInvalid brandId
[Fri, 25 Jan 19 10:19:42 +0000][ERROR] SQLSTATE[22001]: String data, right truncated: 1406 Data too long for column 'product_category_id' at row 1
[Fri, 25 Jan 19 10:22:22 +0000][ERROR] Invalid UUID
[Fri, 25 Jan 19 10:23:21 +0000][ERROR] Invalid UUID
[Fri, 25 Jan 19 11:04:32 +0000][ERROR] Invalid UUID
[Fri, 25 Jan 19 11:05:40 +0000][ERROR] Invalid Type
[Fri, 25 Jan 19 11:05:54 +0000][ERROR] Invalid Dimensions
[Fri, 25 Jan 19 11:06:17 +0000][ERROR] Invalid Dimensions
[Fri, 25 Jan 19 11:28:04 +0000][ERROR] Invalid :field
[Fri, 25 Jan 19 11:28:21 +0000][ERROR] :field
[Fri, 25 Jan 19 11:28:53 +0000][ERROR] Invalid :field
[Fri, 25 Jan 19 11:29:08 +0000][ERROR] The value must be a valid unsigned floating number
[Fri, 25 Jan 19 13:46:04 +0000][ERROR] []
[Fri, 25 Jan 19 13:47:31 +0000][ERROR] []
[Fri, 25 Jan 19 13:47:45 +0000][ERROR] Invalid segments
[Fri, 25 Jan 19 13:48:00 +0000][ERROR] Invalid segments
[Fri, 25 Jan 19 14:24:15 +0000][ERROR] Invalid segments provided
[Fri, 25 Jan 19 14:25:51 +0000][ERROR] The value must contain at least 3 characters.\nInvalid UUID\nInvalid UUID\nInvalid UUID\nProduct type should be physical or downloadable\nThe value must be a valid unsigned floating number\nThe value must be a valid unsigned floating number\nInvalid keywords\nInvalid segments provided\nInvalid country provided in segment
[Fri, 25 Jan 19 14:26:21 +0000][ERROR] The value must contain at least 3 characters.\nInvalid UUID\nInvalid UUID\nInvalid UUID\nProduct type should be physical or downloadable\nThe value must be a valid unsigned floating number\nThe value must be a valid unsigned floating number\nInvalid keywords\nInvalid segments provided\nInvalid country provided in segment
[Sat, 26 Jan 19 10:08:07 +0000][ERROR] syntax error, unexpected '('
[Sat, 26 Jan 19 10:08:26 +0000][ERROR] syntax error, unexpected '('
[Sat, 26 Jan 19 10:08:29 +0000][ERROR] syntax error, unexpected '('
[Sat, 26 Jan 19 10:09:27 +0000][ERROR] syntax error, unexpected '('
[Sat, 26 Jan 19 10:50:39 +0000][ERROR] Invalid Dimensions
[Sat, 26 Jan 19 10:50:50 +0000][ERROR] Invalid Dimensions
[Sat, 26 Jan 19 10:50:52 +0000][ERROR] Invalid Dimensions
[Sat, 26 Jan 19 10:54:25 +0000][ERROR] Invalid Dimensions
[Sat, 26 Jan 19 11:05:50 +0000][ERROR] Invalid array parameter\nInvalid country provided in segment
[Sat, 26 Jan 19 11:07:13 +0000][ERROR] ArrayInclusionValidator: Invalid arguments supplied
[Sat, 26 Jan 19 11:07:30 +0000][ERROR] ArrayInclusionValidator: Invalid arguments supplied
[Sat, 26 Jan 19 11:07:31 +0000][ERROR] ArrayInclusionValidator: Invalid arguments supplied
[Sat, 26 Jan 19 11:07:44 +0000][ERROR] ArrayInclusionValidator: Invalid arguments supplied
[Sat, 26 Jan 19 11:07:46 +0000][ERROR] ArrayInclusionValidator: Invalid arguments supplied
[Sat, 26 Jan 19 11:07:48 +0000][ERROR] ArrayInclusionValidator: Invalid arguments supplied
[Sat, 26 Jan 19 11:30:09 +0000][ERROR] Invalid argument supplied\nInvalid country provided in segment
[Sat, 26 Jan 19 11:32:14 +0000][ERROR] Invalid argument supplied\nInvalid country provided in segment
[Sat, 26 Jan 19 11:32:25 +0000][ERROR] Invalid country provided in segment\nInvalid age provided in segment
[Sat, 26 Jan 19 11:32:34 +0000][ERROR] Invalid country provided in segment
[Sat, 26 Jan 19 11:32:48 +0000][ERROR] Invalid gender provided in segment
[Sat, 26 Jan 19 11:32:55 +0000][ERROR] Invalid gender provided in segment
[Sat, 26 Jan 19 16:02:28 +0000][ERROR] SQLSTATE[HY000] [2054] The server requested authentication method unknown to the client
[Sat, 26 Jan 19 16:02:41 +0000][ERROR] SQLSTATE[HY000] [2054] The server requested authentication method unknown to the client
[Sat, 26 Jan 19 16:03:29 +0000][ERROR] SQLSTATE[HY000] [2054] The server requested authentication method unknown to the client
[Sat, 26 Jan 19 16:07:27 +0000][ERROR] SQLSTATE[HY000] [2054] The server requested authentication method unknown to the client
[Sat, 26 Jan 19 16:09:08 +0000][ERROR] SQLSTATE[HY000] [2054] The server requested authentication method unknown to the client
[Sat, 26 Jan 19 16:09:28 +0000][ERROR] SQLSTATE[HY000] [2054] The server requested authentication method unknown to the client
[Sat, 26 Jan 19 16:09:29 +0000][ERROR] SQLSTATE[HY000] [2054] The server requested authentication method unknown to the client
[Sat, 26 Jan 19 16:09:30 +0000][ERROR] SQLSTATE[HY000] [2054] The server requested authentication method unknown to the client
[Sat, 26 Jan 19 16:12:32 +0000][ERROR] SQLSTATE[HY000] [2054] The server requested authentication method unknown to the client
[Sat, 26 Jan 19 16:12:33 +0000][ERROR] SQLSTATE[HY000] [2054] The server requested authentication method unknown to the client
[Sat, 26 Jan 19 16:22:28 +0000][ERROR] SQLSTATE[HY000] [2054] The server requested authentication method unknown to the client
[Sat, 26 Jan 19 16:22:29 +0000][ERROR] SQLSTATE[HY000] [2054] The server requested authentication method unknown to the client
[Sat, 26 Jan 19 16:23:36 +0000][ERROR] SQLSTATE[HY000] [2054] The server requested authentication method unknown to the client
[Sat, 26 Jan 19 16:34:10 +0000][ERROR] SQLSTATE[HY000] [2054] The server requested authentication method unknown to the client
[Sat, 26 Jan 19 16:36:23 +0000][ERROR] SQLSTATE[HY000] [2054] The server requested authentication method unknown to the client
[Sat, 26 Jan 19 16:36:37 +0000][ERROR] could not find driver
[Sat, 26 Jan 19 16:36:52 +0000][ERROR] SQLSTATE[HY000] [2054] The server requested authentication method unknown to the client
[Sat, 26 Jan 19 16:37:42 +0000][ERROR] SQLSTATE[HY000] [2054] The server requested authentication method unknown to the client
[Sat, 26 Jan 19 16:43:51 +0000][ERROR] SQLSTATE[HY000] [2054] The server requested authentication method unknown to the client
[Sat, 26 Jan 19 16:43:55 +0000][ERROR] SQLSTATE[HY000] [2054] The server requested authentication method unknown to the client
[Sat, 26 Jan 19 16:44:21 +0000][ERROR] SQLSTATE[HY000] [2002] No such file or directory
[Sat, 26 Jan 19 16:44:24 +0000][ERROR] SQLSTATE[HY000] [2002] No such file or directory
[Sat, 26 Jan 19 16:44:52 +0000][ERROR] SQLSTATE[HY000] [2002] No such file or directory
[Sat, 26 Jan 19 16:45:48 +0000][ERROR] SQLSTATE[HY000] [2054] The server requested authentication method unknown to the client
[Sat, 26 Jan 19 16:45:49 +0000][ERROR] SQLSTATE[HY000] [2054] The server requested authentication method unknown to the client
[Sat, 26 Jan 19 16:49:26 +0000][ERROR] SQLSTATE[HY000] [2054] The server requested authentication method unknown to the client
[Sat, 26 Jan 19 16:51:34 +0000][ERROR] SQLSTATE[HY000] [2054] The server requested authentication method unknown to the client
[Sat, 26 Jan 19 16:51:35 +0000][ERROR] SQLSTATE[HY000] [2054] The server requested authentication method unknown to the client
[Sat, 26 Jan 19 16:52:36 +0000][ERROR] SQLSTATE[HY000] [2054] The server requested authentication method unknown to the client
[Sat, 26 Jan 19 16:52:37 +0000][ERROR] SQLSTATE[HY000] [2054] The server requested authentication method unknown to the client
[Sat, 26 Jan 19 16:53:03 +0000][ERROR] could not find driver
[Sat, 26 Jan 19 16:54:19 +0000][ERROR] SQLSTATE[HY000] [2054] The server requested authentication method unknown to the client
[Sat, 26 Jan 19 16:59:21 +0000][ERROR] SQLSTATE[HY000] [2054] The server requested authentication method unknown to the client
[Sat, 26 Jan 19 16:59:22 +0000][ERROR] SQLSTATE[HY000] [2054] The server requested authentication method unknown to the client
[Sat, 26 Jan 19 16:59:22 +0000][ERROR] SQLSTATE[HY000] [2054] The server requested authentication method unknown to the client
[Sat, 26 Jan 19 16:59:23 +0000][ERROR] SQLSTATE[HY000] [2054] The server requested authentication method unknown to the client
[Sat, 26 Jan 19 17:04:03 +0000][ERROR] SQLSTATE[HY000] [2054] The server requested authentication method unknown to the client
[Sat, 26 Jan 19 17:04:16 +0000][ERROR] SQLSTATE[HY000] [2054] The server requested authentication method unknown to the client
[Sat, 26 Jan 19 17:04:17 +0000][ERROR] SQLSTATE[HY000] [2054] The server requested authentication method unknown to the client
[Sat, 26 Jan 19 17:04:18 +0000][ERROR] SQLSTATE[HY000] [2054] The server requested authentication method unknown to the client
[Sat, 26 Jan 19 17:04:18 +0000][ERROR] SQLSTATE[HY000] [2054] The server requested authentication method unknown to the client
[Sat, 26 Jan 19 17:05:27 +0000][ERROR] SQLSTATE[HY000] [2054] The server requested authentication method unknown to the client
[Sat, 26 Jan 19 17:05:28 +0000][ERROR] SQLSTATE[HY000] [2054] The server requested authentication method unknown to the client
[Sat, 26 Jan 19 17:05:28 +0000][ERROR] SQLSTATE[HY000] [2054] The server requested authentication method unknown to the client
[Sat, 26 Jan 19 17:05:37 +0000][ERROR] SQLSTATE[HY000] [2002] No such file or directory
[Sat, 26 Jan 19 17:05:38 +0000][ERROR] SQLSTATE[HY000] [2002] No such file or directory
[Sat, 26 Jan 19 17:05:45 +0000][ERROR] SQLSTATE[HY000] [2054] The server requested authentication method unknown to the client
[Sat, 26 Jan 19 17:11:24 +0000][ERROR] SQLSTATE[HY000] [1044] Access denied for user 'phalcon'@'%' to database 'shop_products'
[Sun, 27 Jan 19 17:47:44 +0000][ERROR] Argument 1 passed to Shop_products\Services\ProductsService::getProduct() must be of the type string, null given, called in /var/www/shop_products/app/modules/api/1.0/controllers/IndexController.php on line 63
[Sun, 27 Jan 19 17:48:18 +0000][ERROR] Invalid vendor id
[Sun, 27 Jan 19 17:48:20 +0000][ERROR] Invalid vendor id
[Sun, 27 Jan 19 17:58:27 +0000][ERROR] Product not found or maybe deleted
[Sun, 27 Jan 19 17:58:47 +0000][ERROR] Product not found or maybe deleted
[Sun, 27 Jan 19 17:58:48 +0000][ERROR] Product not found or maybe deleted
[Sun, 27 Jan 19 17:59:37 +0000][ERROR] Product not found or maybe deleted
[Sun, 27 Jan 19 17:59:44 +0000][ERROR] Product not found or maybe deleted
[Sun, 27 Jan 19 18:09:25 +0000][ERROR] Invalid vendor id
[Sun, 27 Jan 19 18:15:54 +0000][ERROR] Invalid argument supplied
